This file contains any messages produced by compilers while
running configure, to aid debugging if configure makes a mistake.

It was created by Snes9x configure 1.60, which was
generated by GNU Autoconf 2.69.  Invocation command line was

  $ ./snes9x/unix/configure --enable-netplay

## --------- ##
## Platform. ##
## --------- ##

hostname = portatil
uname -m = x86_64
uname -r = 5.8.0-48-generic
uname -s = Linux
uname -v = #54~20.04.1-Ubuntu SMP Sat Mar 20 13:40:25 UTC 2021

/usr/bin/uname -p = x86_64
/bin/uname -X     = unknown

/bin/arch              = x86_64
/usr/bin/arch -k       = unknown
/usr/convex/getsysinfo = unknown
/usr/bin/hostinfo      = unknown
/bin/machine           = unknown
/usr/bin/oslevel       = unknown
/bin/universe          = unknown

PATH: /usr/local/sbin
PATH: /usr/local/bin
PATH: /usr/sbin
PATH: /usr/bin
PATH: /sbin
PATH: /bin
PATH: /snap/bin


## ----------- ##
## Core tests. ##
## ----------- ##

configure:2273: checking build system type
configure:2287: result: x86_64-unknown-linux-gnu
configure:2307: checking host system type
configure:2320: result: x86_64-unknown-linux-gnu
configure:2340: checking target system type
configure:2353: result: x86_64-unknown-linux-gnu
configure:2428: checking for gcc
configure:2444: found /usr/bin/gcc
configure:2455: result: gcc
configure:2684: checking for C compiler version
configure:2693: gcc --version >&5
gcc (Ubuntu 9.3.0-17ubuntu1~20.04) 9.3.0
Copyright (C) 2019 Free Software Foundation, Inc.
This is free software; see the source for copying conditions.  There is NO
warranty; not even for MERCHANTABILITY or FITNESS FOR A PARTICULAR PURPOSE.

configure:2704: $? = 0
configure:2693: gcc -v >&5
Using built-in specs.
COLLECT_GCC=gcc
COLLECT_LTO_WRAPPER=/usr/lib/gcc/x86_64-linux-gnu/9/lto-wrapper
OFFLOAD_TARGET_NAMES=nvptx-none:hsa
OFFLOAD_TARGET_DEFAULT=1
Target: x86_64-linux-gnu
Configured with: ../src/configure -v --with-pkgversion='Ubuntu 9.3.0-17ubuntu1~20.04' --with-bugurl=file:///usr/share/doc/gcc-9/README.Bugs --enable-languages=c,ada,c++,go,brig,d,fortran,objc,obj-c++,gm2 --prefix=/usr --with-gcc-major-version-only --program-suffix=-9 --program-prefix=x86_64-linux-gnu- --enable-shared --enable-linker-build-id --libexecdir=/usr/lib --without-included-gettext --enable-threads=posix --libdir=/usr/lib --enable-nls --enable-clocale=gnu --enable-libstdcxx-debug --enable-libstdcxx-time=yes --with-default-libstdcxx-abi=new --enable-gnu-unique-object --disable-vtable-verify --enable-plugin --enable-default-pie --with-system-zlib --with-target-system-zlib=auto --enable-objc-gc=auto --enable-multiarch --disable-werror --with-arch-32=i686 --with-abi=m64 --with-multilib-list=m32,m64,mx32 --enable-multilib --with-tune=generic --enable-offload-targets=nvptx-none=/build/gcc-9-HskZEa/gcc-9-9.3.0/debian/tmp-nvptx/usr,hsa --without-cuda-driver --enable-checking=release --build=x86_64-linux-gnu --host=x86_64-linux-gnu --target=x86_64-linux-gnu
Thread model: posix
gcc version 9.3.0 (Ubuntu 9.3.0-17ubuntu1~20.04) 
configure:2704: $? = 0
configure:2693: gcc -V >&5
gcc: error: unrecognized command line option '-V'
gcc: fatal error: no input files
compilation terminated.
configure:2704: $? = 1
configure:2693: gcc -qversion >&5
gcc: error: unrecognized command line option '-qversion'; did you mean '--version'?
gcc: fatal error: no input files
compilation terminated.
configure:2704: $? = 1
configure:2724: checking whether the C compiler works
configure:2746: gcc    conftest.c  >&5
configure:2750: $? = 0
configure:2798: result: yes
configure:2801: checking for C compiler default output file name
configure:2803: result: a.out
configure:2809: checking for suffix of executables
configure:2816: gcc -o conftest    conftest.c  >&5
configure:2820: $? = 0
configure:2842: result: 
configure:2864: checking whether we are cross compiling
configure:2872: gcc -o conftest    conftest.c  >&5
configure:2876: $? = 0
configure:2883: ./conftest
configure:2887: $? = 0
configure:2875: result: no
configure:2880: checking for suffix of object files
configure:2902: gcc -c   conftest.c >&5
configure:2906: $? = 0
configure:2927: result: o
configure:2931: checking whether we are using the GNU C compiler
configure:2950: gcc -c   conftest.c >&5
configure:2950: $? = 0
configure:2959: result: yes
configure:2968: checking whether gcc accepts -g
configure:2988: gcc -c -g  conftest.c >&5
configure:2988: $? = 0
configure:3029: result: yes
configure:3046: checking for gcc option to accept ISO C89
configure:3109: gcc  -c -g -O2  conftest.c >&5
configure:3109: $? = 0
configure:3122: result: none needed
configure:3200: checking for g++
configure:3216: found /usr/bin/g++
configure:3227: result: g++
configure:3254: checking for C++ compiler version
configure:3263: g++ --version >&5
g++ (Ubuntu 9.3.0-17ubuntu1~20.04) 9.3.0
Copyright (C) 2019 Free Software Foundation, Inc.
This is free software; see the source for copying conditions.  There is NO
warranty; not even for MERCHANTABILITY or FITNESS FOR A PARTICULAR PURPOSE.

configure:3274: $? = 0
configure:3263: g++ -v >&5
Using built-in specs.
COLLECT_GCC=g++
COLLECT_LTO_WRAPPER=/usr/lib/gcc/x86_64-linux-gnu/9/lto-wrapper
OFFLOAD_TARGET_NAMES=nvptx-none:hsa
OFFLOAD_TARGET_DEFAULT=1
Target: x86_64-linux-gnu
Configured with: ../src/configure -v --with-pkgversion='Ubuntu 9.3.0-17ubuntu1~20.04' --with-bugurl=file:///usr/share/doc/gcc-9/README.Bugs --enable-languages=c,ada,c++,go,brig,d,fortran,objc,obj-c++,gm2 --prefix=/usr --with-gcc-major-version-only --program-suffix=-9 --program-prefix=x86_64-linux-gnu- --enable-shared --enable-linker-build-id --libexecdir=/usr/lib --without-included-gettext --enable-threads=posix --libdir=/usr/lib --enable-nls --enable-clocale=gnu --enable-libstdcxx-debug --enable-libstdcxx-time=yes --with-default-libstdcxx-abi=new --enable-gnu-unique-object --disable-vtable-verify --enable-plugin --enable-default-pie --with-system-zlib --with-target-system-zlib=auto --enable-objc-gc=auto --enable-multiarch --disable-werror --with-arch-32=i686 --with-abi=m64 --with-multilib-list=m32,m64,mx32 --enable-multilib --with-tune=generic --enable-offload-targets=nvptx-none=/build/gcc-9-HskZEa/gcc-9-9.3.0/debian/tmp-nvptx/usr,hsa --without-cuda-driver --enable-checking=release --build=x86_64-linux-gnu --host=x86_64-linux-gnu --target=x86_64-linux-gnu
Thread model: posix
gcc version 9.3.0 (Ubuntu 9.3.0-17ubuntu1~20.04) 
configure:3274: $? = 0
configure:3263: g++ -V >&5
g++: error: unrecognized command line option '-V'
g++: fatal error: no input files
compilation terminated.
configure:3274: $? = 1
configure:3263: g++ -qversion >&5
g++: error: unrecognized command line option '-qversion'; did you mean '--version'?
g++: fatal error: no input files
compilation terminated.
configure:3274: $? = 1
configure:3278: checking whether we are using the GNU C++ compiler
configure:3297: g++ -c   conftest.cpp >&5
configure:3297: $? = 0
configure:3306: result: yes
configure:3315: checking whether g++ accepts -g
configure:3335: g++ -c -g  conftest.cpp >&5
configure:3335: $? = 0
configure:3376: result: yes
configure:3548: checking whether g++ accepts -O3
configure:3581: g++ -o conftest -g -O2 -O3   conftest.cpp  >&5
configure:3581: $? = 0
configure:3581: ./conftest
configure:3581: $? = 0
configure:3598: result: yes
configure:3725: checking whether g++ accepts -fomit-frame-pointer
configure:3758: g++ -o conftest -g -O2 -fomit-frame-pointer   conftest.cpp  >&5
configure:3758: $? = 0
configure:3758: ./conftest
configure:3758: $? = 0
configure:3775: result: yes
configure:3918: checking whether g++ accepts -fno-exceptions
configure:3951: g++ -o conftest -g -O2 -fno-exceptions   conftest.cpp  >&5
configure:3951: $? = 0
configure:3951: ./conftest
configure:3951: $? = 0
configure:3968: result: yes
configure:3977: checking whether g++ accepts -fno-rtti
configure:4010: g++ -o conftest -g -O2 -fno-rtti   conftest.cpp  >&5
configure:4010: $? = 0
configure:4010: ./conftest
configure:4010: $? = 0
configure:4027: result: yes
configure:4036: checking whether g++ accepts -pedantic
configure:4069: g++ -o conftest -g -O2 -pedantic   conftest.cpp  >&5
configure:4069: $? = 0
configure:4069: ./conftest
configure:4069: $? = 0
configure:4086: result: yes
configure:4095: checking whether g++ accepts -Wall
configure:4128: g++ -o conftest -g -O2 -Wall   conftest.cpp  >&5
configure:4128: $? = 0
configure:4128: ./conftest
configure:4128: $? = 0
configure:4145: result: yes
configure:4154: checking whether g++ accepts -W
configure:4187: g++ -o conftest -g -O2 -W   conftest.cpp  >&5
configure:4187: $? = 0
configure:4187: ./conftest
configure:4187: $? = 0
configure:4204: result: yes
configure:4213: checking whether g++ accepts -Wno-unused-parameter
configure:4246: g++ -o conftest -g -O2 -Wno-unused-parameter   conftest.cpp  >&5
configure:4246: $? = 0
configure:4246: ./conftest
configure:4246: $? = 0
configure:4263: result: yes
configure:4496: checking whether the OS is Linux
configure:4515: result: yes
configure:4579: checking how to run the C++ preprocessor
configure:4606: g++ -E  conftest.cpp
configure:4606: $? = 0
configure:4620: g++ -E  conftest.cpp
conftest.cpp:9:10: fatal error: ac_nonexistent.h: No such file or directory
    9 | #include <ac_nonexistent.h>
      |          ^~~~~~~~~~~~~~~~~~
compilation terminated.
configure:4620: $? = 1
configure: failed program was:
| /* confdefs.h */
| #define PACKAGE_NAME "Snes9x"
| #define PACKAGE_TARNAME "snes9x"
| #define PACKAGE_VERSION "1.60"
| #define PACKAGE_STRING "Snes9x 1.60"
| #define PACKAGE_BUGREPORT ""
| #define PACKAGE_URL ""
| /* end confdefs.h.  */
| #include <ac_nonexistent.h>
configure:4645: result: g++ -E
configure:4665: g++ -E  conftest.cpp
configure:4665: $? = 0
configure:4679: g++ -E  conftest.cpp
conftest.cpp:9:10: fatal error: ac_nonexistent.h: No such file or directory
    9 | #include <ac_nonexistent.h>
      |          ^~~~~~~~~~~~~~~~~~
compilation terminated.
configure:4679: $? = 1
configure: failed program was:
| /* confdefs.h */
| #define PACKAGE_NAME "Snes9x"
| #define PACKAGE_TARNAME "snes9x"
| #define PACKAGE_VERSION "1.60"
| #define PACKAGE_STRING "Snes9x 1.60"
| #define PACKAGE_BUGREPORT ""
| #define PACKAGE_URL ""
| /* end confdefs.h.  */
| #include <ac_nonexistent.h>
configure:4708: checking for grep that handles long lines and -e
configure:4766: result: /usr/bin/grep
configure:4771: checking for egrep
configure:4833: result: /usr/bin/grep -E
configure:4838: checking for ANSI C header files
configure:4858: g++ -c -g -O2  conftest.cpp >&5
configure:4858: $? = 0
configure:4931: g++ -o conftest -g -O2   conftest.cpp  >&5
configure:4931: $? = 0
configure:4931: ./conftest
configure:4931: $? = 0
configure:4942: result: yes
configure:4955: checking for sys/types.h
configure:4955: g++ -c -g -O2  conftest.cpp >&5
configure:4955: $? = 0
configure:4955: result: yes
configure:4955: checking for sys/stat.h
configure:4955: g++ -c -g -O2  conftest.cpp >&5
configure:4955: $? = 0
configure:4955: result: yes
configure:4955: checking for stdlib.h
configure:4955: g++ -c -g -O2  conftest.cpp >&5
configure:4955: $? = 0
configure:4955: result: yes
configure:4955: checking for string.h
configure:4955: g++ -c -g -O2  conftest.cpp >&5
configure:4955: $? = 0
configure:4955: result: yes
configure:4955: checking for memory.h
configure:4955: g++ -c -g -O2  conftest.cpp >&5
configure:4955: $? = 0
configure:4955: result: yes
configure:4955: checking for strings.h
configure:4955: g++ -c -g -O2  conftest.cpp >&5
configure:4955: $? = 0
configure:4955: result: yes
configure:4955: checking for inttypes.h
configure:4955: g++ -c -g -O2  conftest.cpp >&5
configure:4955: $? = 0
configure:4955: result: yes
configure:4955: checking for stdint.h
configure:4955: g++ -c -g -O2  conftest.cpp >&5
configure:4955: $? = 0
configure:4955: result: yes
configure:4955: checking for unistd.h
configure:4955: g++ -c -g -O2  conftest.cpp >&5
configure:4955: $? = 0
configure:4955: result: yes
configure:4971: checking zlib.h usability
configure:4971: g++ -c -g -O2  conftest.cpp >&5
configure:4971: $? = 0
configure:4971: result: yes
configure:4971: checking zlib.h presence
configure:4971: g++ -E  conftest.cpp
configure:4971: $? = 0
configure:4971: result: yes
configure:4971: checking for zlib.h
configure:4971: result: yes
configure:4973: checking for gzread in -lz
configure:4998: g++ -o conftest -g -O2   conftest.cpp -lz   >&5
configure:4998: $? = 0
configure:5007: result: yes
configure:5122: checking for pkg-config
configure:5140: found /usr/bin/pkg-config
configure:5152: result: /usr/bin/pkg-config
configure:5177: checking pkg-config is at least version 0.9.0
configure:5180: result: yes
configure:5190: checking for SYSTEM_ZIP
configure:5197: $PKG_CONFIG --exists --print-errors "minizip"
Package minizip was not found in the pkg-config search path.
Perhaps you should add the directory containing `minizip.pc'
to the PKG_CONFIG_PATH environment variable
No package 'minizip' found
configure:5200: $? = 1
configure:5214: $PKG_CONFIG --exists --print-errors "minizip"
Package minizip was not found in the pkg-config search path.
Perhaps you should add the directory containing `minizip.pc'
to the PKG_CONFIG_PATH environment variable
No package 'minizip' found
configure:5217: $? = 1
configure:5231: result: no
No package 'minizip' found
configure:5250: WARNING: minizip not found. Build without SYSTEM_ZIP support.
configure:5316: checking png.h usability
configure:5316: g++ -c -g -O2  conftest.cpp >&5
configure:5316: $? = 0
configure:5316: result: yes
configure:5316: checking png.h presence
configure:5316: g++ -E  conftest.cpp
configure:5316: $? = 0
configure:5316: result: yes
configure:5316: checking for png.h
configure:5316: result: yes
configure:5318: checking for png_init_io in -lpng
configure:5343: g++ -o conftest -g -O2   conftest.cpp -lpng   >&5
configure:5343: $? = 0
configure:5352: result: yes
configure:5390: checking for mkstemp
configure:5390: g++ -o conftest -g -O2   conftest.cpp  >&5
configure:5390: $? = 0
configure:5390: result: yes
configure:5400: checking for X
configure:5508: g++ -E  conftest.cpp
configure:5508: $? = 0
configure:5539: g++ -o conftest -g -O2   conftest.cpp -lX11  >&5
configure:5539: $? = 0
configure:5589: result: libraries , headers 
configure:5688: g++ -o conftest -g -O2   conftest.cpp   -lX11 >&5
configure:5688: $? = 0
configure:5786: checking for gethostbyname
configure:5786: g++ -o conftest -g -O2   conftest.cpp  >&5
configure:5786: $? = 0
configure:5786: result: yes
configure:5883: checking for connect
configure:5883: g++ -o conftest -g -O2   conftest.cpp  >&5
configure:5883: $? = 0
configure:5883: result: yes
configure:5932: checking for remove
configure:5932: g++ -o conftest -g -O2   conftest.cpp  >&5
configure:5932: $? = 0
configure:5932: result: yes
configure:5981: checking for shmat
configure:5981: g++ -o conftest -g -O2   conftest.cpp  >&5
configure:5981: $? = 0
configure:5981: result: yes
configure:6039: checking for IceConnectionNumber in -lICE
configure:6064: g++ -o conftest -g -O2   conftest.cpp -lICE   >&5
configure:6064: $? = 0
configure:6073: result: yes
configure:6094: checking for strings.h
configure:6094: result: yes
configure:6103: checking sys/ioctl.h usability
configure:6103: g++ -c -g -O2  conftest.cpp >&5
configure:6103: $? = 0
configure:6103: result: yes
configure:6103: checking sys/ioctl.h presence
configure:6103: g++ -E  conftest.cpp
configure:6103: $? = 0
configure:6103: result: yes
configure:6103: checking for sys/ioctl.h
configure:6103: result: yes
configure:6112: checking for stdint.h
configure:6112: result: yes
configure:6125: checking for unistd.h
configure:6125: result: yes
configure:6125: checking sys/socket.h usability
configure:6125: g++ -c -g -O2  conftest.cpp >&5
configure:6125: $? = 0
configure:6125: result: yes
configure:6125: checking sys/socket.h presence
configure:6125: g++ -E  conftest.cpp
configure:6125: $? = 0
configure:6125: result: yes
configure:6125: checking for sys/socket.h
configure:6125: result: yes
configure:6182: checking whether right shift int8 is arithmetic
configure:6224: g++ -o conftest -g -O2 -DHAVE_STDINT_H   conftest.cpp  >&5
configure:6224: $? = 0
configure:6224: ./conftest
configure:6224: $? = 0
configure:6241: result: yes
configure:6246: checking whether right shift int16 is arithmetic
configure:6288: g++ -o conftest -g -O2 -DHAVE_STDINT_H   conftest.cpp  >&5
configure:6288: $? = 0
configure:6288: ./conftest
configure:6288: $? = 0
configure:6305: result: yes
configure:6310: checking whether right shift int32 is arithmetic
configure:6352: g++ -o conftest -g -O2 -DHAVE_STDINT_H   conftest.cpp  >&5
configure:6352: $? = 0
configure:6352: ./conftest
configure:6352: $? = 0
configure:6369: result: yes
configure:6374: checking whether right shift int64 is arithmetic
configure:6416: g++ -o conftest -g -O2 -DHAVE_STDINT_H   conftest.cpp  >&5
configure:6416: $? = 0
configure:6416: ./conftest
configure:6416: $? = 0
configure:6433: result: yes
configure:6457: checking X11/extensions/Xv.h usability
configure:6457: g++ -c -g -O2  conftest.cpp >&5
configure:6457: $? = 0
configure:6457: result: yes
configure:6457: checking X11/extensions/Xv.h presence
configure:6457: g++ -E  conftest.cpp
configure:6457: $? = 0
configure:6457: result: yes
configure:6457: checking for X11/extensions/Xv.h
configure:6457: result: yes
configure:6480: checking X11/extensions/Xinerama.h usability
configure:6480: g++ -c -g -O2  conftest.cpp >&5
configure:6480: $? = 0
configure:6480: result: yes
configure:6480: checking X11/extensions/Xinerama.h presence
configure:6480: g++ -E  conftest.cpp
configure:6480: $? = 0
configure:6480: result: yes
configure:6480: checking for X11/extensions/Xinerama.h
configure:6480: result: yes
configure:6503: checking whether sound is supported on this platform
configure:6506: result: yes
configure:6518: checking pthread.h usability
configure:6518: g++ -c -g -O2  conftest.cpp >&5
configure:6518: $? = 0
configure:6518: result: yes
configure:6518: checking pthread.h presence
configure:6518: g++ -E  conftest.cpp
configure:6518: $? = 0
configure:6518: result: yes
configure:6518: checking for pthread.h
configure:6518: result: yes
configure:6730: creating ./config.status

## ---------------------- ##
## Running config.status. ##
## ---------------------- ##

This file was extended by Snes9x config.status 1.60, which was
generated by GNU Autoconf 2.69.  Invocation command line was

  CONFIG_FILES    = 
  CONFIG_HEADERS  = 
  CONFIG_LINKS    = 
  CONFIG_COMMANDS = 
  $ ./config.status 

on portatil

config.status:755: creating Makefile

## ---------------- ##
## Cache variables. ##
## ---------------- ##

ac_cv_build=x86_64-unknown-linux-gnu
ac_cv_c_compiler_gnu=yes
ac_cv_cxx_compiler_gnu=yes
ac_cv_env_CCC_set=
ac_cv_env_CCC_value=
ac_cv_env_CC_set=
ac_cv_env_CC_value=
ac_cv_env_CFLAGS_set=
ac_cv_env_CFLAGS_value=
ac_cv_env_CPPFLAGS_set=
ac_cv_env_CPPFLAGS_value=
ac_cv_env_CXXCPP_set=
ac_cv_env_CXXCPP_value=
ac_cv_env_CXXFLAGS_set=
ac_cv_env_CXXFLAGS_value=
ac_cv_env_CXX_set=
ac_cv_env_CXX_value=
ac_cv_env_LDFLAGS_set=
ac_cv_env_LDFLAGS_value=
ac_cv_env_LIBS_set=
ac_cv_env_LIBS_value=
ac_cv_env_PKG_CONFIG_LIBDIR_set=
ac_cv_env_PKG_CONFIG_LIBDIR_value=
ac_cv_env_PKG_CONFIG_PATH_set=
ac_cv_env_PKG_CONFIG_PATH_value=
ac_cv_env_PKG_CONFIG_set=
ac_cv_env_PKG_CONFIG_value=
ac_cv_env_SYSTEM_ZIP_CFLAGS_set=
ac_cv_env_SYSTEM_ZIP_CFLAGS_value=
ac_cv_env_SYSTEM_ZIP_LIBS_set=
ac_cv_env_SYSTEM_ZIP_LIBS_value=
ac_cv_env_XMKMF_set=
ac_cv_env_XMKMF_value=
ac_cv_env_build_alias_set=
ac_cv_env_build_alias_value=
ac_cv_env_host_alias_set=
ac_cv_env_host_alias_value=
ac_cv_env_target_alias_set=
ac_cv_env_target_alias_value=
ac_cv_func_connect=yes
ac_cv_func_gethostbyname=yes
ac_cv_func_mkstemp=yes
ac_cv_func_remove=yes
ac_cv_func_shmat=yes
ac_cv_have_x='have_x=yes	ac_x_includes='\'''\''	ac_x_libraries='\'''\'''
ac_cv_header_X11_extensions_Xinerama_h=yes
ac_cv_header_X11_extensions_Xv_h=yes
ac_cv_header_inttypes_h=yes
ac_cv_header_memory_h=yes
ac_cv_header_png_h=yes
ac_cv_header_pthread_h=yes
ac_cv_header_stdc=yes
ac_cv_header_stdint_h=yes
ac_cv_header_stdlib_h=yes
ac_cv_header_string_h=yes
ac_cv_header_strings_h=yes
ac_cv_header_sys_ioctl_h=yes
ac_cv_header_sys_socket_h=yes
ac_cv_header_sys_stat_h=yes
ac_cv_header_sys_types_h=yes
ac_cv_header_unistd_h=yes
ac_cv_header_zlib_h=yes
ac_cv_host=x86_64-unknown-linux-gnu
ac_cv_lib_ICE_IceConnectionNumber=yes
ac_cv_lib_png_png_init_io=yes
ac_cv_lib_z_gzread=yes
ac_cv_objext=o
ac_cv_path_EGREP='/usr/bin/grep -E'
ac_cv_path_GREP=/usr/bin/grep
ac_cv_path_ac_pt_PKG_CONFIG=/usr/bin/pkg-config
ac_cv_prog_CXXCPP='g++ -E'
ac_cv_prog_ac_ct_CC=gcc
ac_cv_prog_ac_ct_CXX=g++
ac_cv_prog_cc_c89=
ac_cv_prog_cc_g=yes
ac_cv_prog_cxx_g=yes
ac_cv_target=x86_64-unknown-linux-gnu
snes9x_cv_libpng=yes
snes9x_cv_linux_os=yes
snes9x_cv_option_W=yes
snes9x_cv_option_Wall=yes
snes9x_cv_option_Wno_unused_parameter=yes
snes9x_cv_option_no_exceptions=yes
snes9x_cv_option_no_rtti=yes
snes9x_cv_option_o3=yes
snes9x_cv_option_omit_frame_pointer=yes
snes9x_cv_option_pedantic=yes
snes9x_cv_zlib=yes

## ----------------- ##
## Output variables. ##
## ----------------- ##

CC='gcc'
CFLAGS='-g -O2'
CPPFLAGS=''
CXX='g++'
CXXCPP='g++ -E'
CXXFLAGS='-g -O2'
DEFS='-DPACKAGE_NAME=\"Snes9x\" -DPACKAGE_TARNAME=\"snes9x\" -DPACKAGE_VERSION=\"1.60\" -DPACKAGE_STRING=\"Snes9x\ 1.60\" -DPACKAGE_BUGREPORT=\"\" -DPACKAGE_URL=\"\" -DSTDC_HEADERS=1 -DHAVE_SYS_TYPES_H=1 -DHAVE_SYS_STAT_H=1 -DHAVE_STDLIB_H=1 -DHAVE_STRING_H=1 -DHAVE_MEMORY_H=1 -DHAVE_STRINGS_H=1 -DHAVE_INTTYPES_H=1 -DHAVE_STDINT_H=1 -DHAVE_UNISTD_H=1 -DHAVE_UNISTD_H=1 -DHAVE_SYS_SOCKET_H=1'
ECHO_C=''
ECHO_N='-n'
ECHO_T=''
EGREP='/usr/bin/grep -E'
EXEEXT=''
GREP='/usr/bin/grep'
LDFLAGS=''
LIBOBJS=''
LIBS=''
LTLIBOBJS=''
OBJEXT='o'
PACKAGE_BUGREPORT=''
PACKAGE_NAME='Snes9x'
PACKAGE_STRING='Snes9x 1.60'
PACKAGE_TARNAME='snes9x'
PACKAGE_URL=''
PACKAGE_VERSION='1.60'
PATH_SEPARATOR=':'
PKG_CONFIG='/usr/bin/pkg-config'
PKG_CONFIG_LIBDIR=''
PKG_CONFIG_PATH=''
S9XDEBUGGER='#S9XDEBUGGER=1'
S9XDEFS='-DJOYSTICK_SUPPORT -DNETPLAY_SUPPORT -DZLIB -DJMA_SUPPORT -DHAVE_LIBPNG -DHAVE_MKSTEMP -DHAVE_STRINGS_H -DHAVE_SYS_IOCTL_H -DHAVE_STDINT_H -DRIGHTSHIFT_IS_SAR -DUSE_XVIDEO -DUSE_XINERAMA -DUSE_THREADS'
S9XFLGS='-g -O2 -O3 -fomit-frame-pointer -fno-exceptions -fno-rtti -pedantic -Wall -W -Wno-unused-parameter '
S9XJMA='S9XJMA=1'
S9XLIBS='-lz -lpng -lSM -lICE -lX11 -lXext -lXv -lXinerama -lpthread'
S9XNETPLAY='S9XNETPLAY=1'
S9XXVIDEO=''
S9XZIP='#S9XZIP=1'
S9X_SYSTEM_ZIP='#SYSTEM_ZIP=1'
SHELL='/bin/bash'
SYSTEM_ZIP_CFLAGS=''
SYSTEM_ZIP_LIBS=''
XMKMF=''
X_CFLAGS=''
X_EXTRA_LIBS=''
X_LIBS=''
X_PRE_LIBS=' -lSM -lICE'
ac_ct_CC='gcc'
ac_ct_CXX='g++'
bindir='${exec_prefix}/bin'
build='x86_64-unknown-linux-gnu'
build_alias=''
build_cpu='x86_64'
build_os='linux-gnu'
build_vendor='unknown'
datadir='${datarootdir}'
datarootdir='${prefix}/share'
docdir='${datarootdir}/doc/${PACKAGE_TARNAME}'
dvidir='${docdir}'
exec_prefix='${prefix}'
host='x86_64-unknown-linux-gnu'
host_alias=''
host_cpu='x86_64'
host_os='linux-gnu'
host_vendor='unknown'
htmldir='${docdir}'
includedir='${prefix}/include'
infodir='${datarootdir}/info'
libdir='${exec_prefix}/lib'
libexecdir='${exec_prefix}/libexec'
localedir='${datarootdir}/locale'
localstatedir='${prefix}/var'
mandir='${datarootdir}/man'
oldincludedir='/usr/include'
pdfdir='${docdir}'
prefix='/usr/local'
program_transform_name='s,x,x,'
psdir='${docdir}'
runstatedir='${localstatedir}/run'
sbindir='${exec_prefix}/sbin'
sharedstatedir='${prefix}/com'
sysconfdir='${prefix}/etc'
target='x86_64-unknown-linux-gnu'
target_alias=''
target_cpu='x86_64'
target_os='linux-gnu'
target_vendor='unknown'

## ----------- ##
## confdefs.h. ##
## ----------- ##

/* confdefs.h */
#define PACKAGE_NAME "Snes9x"
#define PACKAGE_TARNAME "snes9x"
#define PACKAGE_VERSION "1.60"
#define PACKAGE_STRING "Snes9x 1.60"
#define PACKAGE_BUGREPORT ""
#define PACKAGE_URL ""
#define STDC_HEADERS 1
#define HAVE_SYS_TYPES_H 1
#define HAVE_SYS_STAT_H 1
#define HAVE_STDLIB_H 1
#define HAVE_STRING_H 1
#define HAVE_MEMORY_H 1
#define HAVE_STRINGS_H 1
#define HAVE_INTTYPES_H 1
#define HAVE_STDINT_H 1
#define HAVE_UNISTD_H 1
#define HAVE_UNISTD_H 1
#define HAVE_SYS_SOCKET_H 1

configure: exit 0

## ---------------------- ##
## Running config.status. ##
## ---------------------- ##

This file was extended by Snes9x config.status 1.60, which was
generated by GNU Autoconf 2.69.  Invocation command line was

  CONFIG_FILES    = 
  CONFIG_HEADERS  = 
  CONFIG_LINKS    = 
  CONFIG_COMMANDS = 
  $ ./config.status 

on portatil

config.status:755: creating Makefile
